<?xml version="1.0" encoding="UTF-8"?>
<testsuite xmlns:xsi="http://www.w3.org/2001/XMLSchema-instance" xsi:noNamespaceSchemaLocation="https://maven.apache.org/surefire/maven-surefire-plugin/xsd/surefire-test-report.xsd" version="3.0.2" name="com.nikvrse.dinchariya.DinchariyaApplicationTests" time="16.263" tests="1" errors="0" skipped="0" failures="0">
  <properties>
[...]
</properties>
  <testcase name="contextLoads" classname="com.nikvrse.dinchariya.DinchariyaApplicationTests" time="2.49">
    <system-out><![CDATA[22:44:21.812 [main] INFO org.springframework.test.context.support.AnnotationConfigContextLoaderUtils -- Could not detect default configuration classes for test class [com.nikvrse.dinchariya.DinchariyaApplicationTests]: DinchariyaApplicationTests does not declare any static, non-private, non-final, nested classes annotated with @Configuration.
22:44:22.127 [main] INFO org.springframework.boot.test.context.SpringBootTestContextBootstrapper -- Found @SpringBootConfiguration com.nikvrse.dinchariya.DinchariyaApplication for test class com.nikvrse.dinchariya.DinchariyaApplicationTests

  .   ____          _            __ _ _
 /\\ / ___'_ __ _ _(_)_ __  __ _ \ \ \ \
( ( )\___ | '_ | '_| | '_ \/ _` | \ \ \ \
 \\/  ___)| |_)| | | | | || (_| |  ) ) ) )
  '  |____| .__|_| |_|_| |_\__, | / / / /
 =========|_|==============|___/=/_/_/_/

 :: Spring Boot ::                (v3.5.5)

2025-09-10T22:44:23.529+05:30  INFO 26876 --- [dinchariya] [           main] c.n.d.DinchariyaApplicationTests         : Starting DinchariyaApplicationTests using Java 24.0.2 with PID 26876 (started by Anik Pal in C:\Users\Anik Pal\OneDrive\Desktop\Placement Prep\Java\Spring-boot\dinchariya)
2025-09-10T22:44:23.532+05:30  INFO 26876 --- [dinchariya] [           main] c.n.d.DinchariyaApplicationTests         : The following 1 profile is active: "prod"
2025-09-10T22:44:25.295+05:30  INFO 26876 --- [dinchariya] [           main] .s.d.r.c.RepositoryConfigurationDelegate : Bootstrapping Spring Data MongoDB repositories in DEFAULT mode.
2025-09-10T22:44:25.547+05:30  INFO 26876 --- [dinchariya] [           main] .s.d.r.c.RepositoryConfigurationDelegate : Finished Spring Data repository scanning in 237 ms. Found 2 MongoDB repository interfaces.
2025-09-10T22:44:29.264+05:30  INFO 26876 --- [dinchariya] [faw.mongodb.net] org.mongodb.driver.cluster               : Adding discovered server cluster0-shard-00-00.ppfaw.mongodb.net:27017 to client view of cluster
2025-09-10T22:44:29.549+05:30  INFO 26876 --- [dinchariya] [           main] org.mongodb.driver.client                : MongoClient with metadata {"driver": {"name": "mongo-java-driver|sync|spring-boot", "version": "5.5.1"}, "os": {"type": "Windows", "name": "Windows 11", "architecture": "amd64", "version": "10.0"}, "platform": "Java/Oracle Corporation/24.0.2+12-54"} created with settings MongoClientSettings{readPreference=primary, writeConcern=WriteConcern{w=null, wTimeout=null ms, journal=null}, retryWrites=true, retryReads=true, readConcern=ReadConcern{level=null}, credential=MongoCredential{mechanism=null, userName='anikpal_', source='admin', password=<hidden>, mechanismProperties=<hidden>}, transportSettings=null, commandListeners=[], codecRegistry=ProvidersCodecRegistry{codecProviders=[ValueCodecProvider{}, BsonValueCodecProvider{}, DBRefCodecProvider{}, DBObjectCodecProvider{}, DocumentCodecProvider{}, CollectionCodecProvider{}, IterableCodecProvider{}, MapCodecProvider{}, GeoJsonCodecProvider{}, GridFSFileCodecProvider{}, Jsr310CodecProvider{}, JsonObjectCodecProvider{}, BsonCodecProvider{}, EnumCodecProvider{}, com.mongodb.client.model.mql.ExpressionCodecProvider@25b38203, com.mongodb.Jep395RecordCodecProvider@778a1250, com.mongodb.KotlinCodecProvider@55acec99]}, loggerSettings=LoggerSettings{maxDocumentLength=1000}, clusterSettings={hosts=[127.0.0.1:27017], srvHost=cluster0.ppfaw.mongodb.net, srvServiceName=mongodb, mode=MULTIPLE, requiredClusterType=REPLICA_SET, requiredReplicaSetName='atlas-djyg2o-shard-0', serverSelector='null', clusterListeners='[]', serverSelectionTimeout='30000 ms', localThreshold='15 ms'}, socketSettings=SocketSettings{connectTimeoutMS=10000, readTimeoutMS=0, receiveBufferSize=0, proxySettings=ProxySettings{host=null, port=null, username=null, password=null}}, heartbeatSocketSettings=SocketSettings{connectTimeoutMS=10000, readTimeoutMS=10000, receiveBufferSize=0, proxySettings=ProxySettings{host=null, port=null, username=null, password=null}}, connectionPoolSettings=ConnectionPoolSettings{maxSize=100, minSize=0, maxWaitTimeMS=120000, maxConnectionLifeTimeMS=0, maxConnectionIdleTimeMS=0, maintenanceInitialDelayMS=0, maintenanceFrequencyMS=60000, connectionPoolListeners=[], maxConnecting=2}, serverSettings=ServerSettings{heartbeatFrequencyMS=10000, minHeartbeatFrequencyMS=500, serverMonitoringMode=AUTO, serverListeners='[]', serverMonitorListeners='[]'}, sslSettings=SslSettings{enabled=true, invalidHostNameAllowed=false, context=null}, applicationName='null', compressorList=[], uuidRepresentation=JAVA_LEGACY, serverApi=null, autoEncryptionSettings=null, dnsClient=null, inetAddressResolver=null, contextProvider=null, timeoutMS=null}
2025-09-10T22:44:29.573+05:30  INFO 26876 --- [dinchariya] [faw.mongodb.net] org.mongodb.driver.cluster               : Adding discovered server cluster0-shard-00-01.ppfaw.mongodb.net:27017 to client view of cluster
2025-09-10T22:44:29.580+05:30  INFO 26876 --- [dinchariya] [faw.mongodb.net] org.mongodb.driver.cluster               : Adding discovered server cluster0-shard-00-02.ppfaw.mongodb.net:27017 to client view of cluster
2025-09-10T22:44:30.381+05:30  INFO 26876 --- [dinchariya] [           main] org.mongodb.driver.cluster               : Waiting for server to become available for operation with ID 5. Remaining time: 29962 ms. Selector: WritableServerSelector, topology description: {type=REPLICA_SET, servers=[{address=cluster0-shard-00-00.ppfaw.mongodb.net:27017, type=UNKNOWN, state=CONNECTING}, {address=cluster0-shard-00-01.ppfaw.mongodb.net:27017, type=UNKNOWN, state=CONNECTING}, {address=cluster0-shard-00-02.ppfaw.mongodb.net:27017, type=UNKNOWN, state=CONNECTING}].
2025-09-10T22:44:31.286+05:30  INFO 26876 --- [dinchariya] [ngodb.net:27017] org.mongodb.driver.cluster               : Monitor thread successfully connected to server with description ServerDescription{address=cluster0-shard-00-00.ppfaw.mongodb.net:27017, type=REPLICA_SET_SECONDARY, cryptd=false, state=CONNECTED, ok=true, minWireVersion=0, maxWireVersion=25, maxDocumentSize=16777216, logicalSessionTimeoutMinutes=30, roundTripTimeNanos=846136800, minRoundTripTimeNanos=0, setName='atlas-djyg2o-shard-0', canonicalAddress=cluster0-shard-00-00.ppfaw.mongodb.net:27017, hosts=[cluster0-shard-00-00.ppfaw.mongodb.net:27017, cluster0-shard-00-02.ppfaw.mongodb.net:27017, cluster0-shard-00-01.ppfaw.mongodb.net:27017], passives=[], arbiters=[], primary='cluster0-shard-00-01.ppfaw.mongodb.net:27017', tagSet=TagSet{[Tag{name='availabilityZone', value='aps1-az1'}, Tag{name='diskState', value='READY'}, Tag{name='nodeType', value='ELECTABLE'}, Tag{name='provider', value='AWS'}, Tag{name='region', value='AP_SOUTH_1'}, Tag{name='workloadType', value='OPERATIONAL'}]}, electionId=null, setVersion=350, topologyVersion=TopologyVersion{processId=68b9b7f6587e1907caa7094a, counter=4}, lastWriteDate=Wed Sep 10 22:44:33 IST 2025, lastUpdateTimeNanos=898722306270700}
2025-09-10T22:44:31.286+05:30  INFO 26876 --- [dinchariya] [ngodb.net:27017] org.mongodb.driver.cluster               : Monitor thread successfully connected to server with description ServerDescription{address=cluster0-shard-00-01.ppfaw.mongodb.net:27017, type=REPLICA_SET_PRIMARY, cryptd=false, state=CONNECTED, ok=true, minWireVersion=0, maxWireVersion=25, maxDocumentSize=16777216, logicalSessionTimeoutMinutes=30, roundTripTimeNanos=846137900, minRoundTripTimeNanos=0, setName='atlas-djyg2o-shard-0', canonicalAddress=cluster0-shard-00-01.ppfaw.mongodb.net:27017, hosts=[cluster0-shard-00-00.ppfaw.mongodb.net:27017, cluster0-shard-00-02.ppfaw.mongodb.net:27017, cluster0-shard-00-01.ppfaw.mongodb.net:27017], passives=[], arbiters=[], primary='cluster0-shard-00-01.ppfaw.mongodb.net:27017', tagSet=TagSet{[Tag{name='availabilityZone', value='aps1-az3'}, Tag{name='diskState', value='READY'}, Tag{name='nodeType', value='ELECTABLE'}, Tag{name='provider', value='AWS'}, Tag{name='region', value='AP_SOUTH_1'}, Tag{name='workloadType', value='OPERATIONAL'}]}, electionId=7fffffff000000000000013f, setVersion=350, topologyVersion=TopologyVersion{processId=68b9b84030ac97bb3412acb3, counter=6}, lastWriteDate=Wed Sep 10 22:44:33 IST 2025, lastUpdateTimeNanos=898722306270600}
2025-09-10T22:44:31.286+05:30  INFO 26876 --- [dinchariya] [ngodb.net:27017] org.mongodb.driver.cluster               : Monitor thread successfully connected to server with description ServerDescription{address=cluster0-shard-00-02.ppfaw.mongodb.net:27017, type=REPLICA_SET_SECONDARY, cryptd=false, state=CONNECTED, ok=true, minWireVersion=0, maxWireVersion=25, maxDocumentSize=16777216, logicalSessionTimeoutMinutes=30, roundTripTimeNanos=846138400, minRoundTripTimeNanos=0, setName='atlas-djyg2o-shard-0', canonicalAddress=cluster0-shard-00-02.ppfaw.mongodb.net:27017, hosts=[cluster0-shard-00-00.ppfaw.mongodb.net:27017, cluster0-shard-00-02.ppfaw.mongodb.net:27017, cluster0-shard-00-01.ppfaw.mongodb.net:27017], passives=[], arbiters=[], primary='cluster0-shard-00-01.ppfaw.mongodb.net:27017', tagSet=TagSet{[Tag{name='availabilityZone', value='aps1-az2'}, Tag{name='diskState', value='READY'}, Tag{name='nodeType', value='ELECTABLE'}, Tag{name='provider', value='AWS'}, Tag{name='region', value='AP_SOUTH_1'}, Tag{name='workloadType', value='OPERATIONAL'}]}, electionId=null, setVersion=350, topologyVersion=TopologyVersion{processId=68b9b88bb021f24a8daf98ac, counter=3}, lastWriteDate=Wed Sep 10 22:44:33 IST 2025, lastUpdateTimeNanos=898722306270700}
2025-09-10T22:44:31.294+05:30  INFO 26876 --- [dinchariya] [ngodb.net:27017] org.mongodb.driver.cluster               : Discovered replica set primary cluster0-shard-00-01.ppfaw.mongodb.net:27017 with max election id 7fffffff000000000000013f and max set version 350
2025-09-10T22:44:32.805+05:30  INFO 26876 --- [dinchariya] [           main] r$InitializeUserDetailsManagerConfigurer : Global AuthenticationManager configured with UserDetailsService bean with name userDetailsServiceImpl
2025-09-10T22:44:35.072+05:30  INFO 26876 --- [dinchariya] [           main] c.n.d.DinchariyaApplicationTests         : Started DinchariyaApplicationTests in 12.479 seconds (process running for 15.16)
]]></system-out>
    <system-err><![CDATA[Mockito is currently self-attaching to enable the inline-mock-maker. This will no longer work in future releases of the JDK. Please add Mockito as an agent to your build as described in Mockito's documentation: https://javadoc.io/doc/org.mockito/mockito-core/latest/org.mockito/org/mockito/Mockito.html#0.3
WARNING: A Java agent has been loaded dynamically (C:\Users\Anik Pal\.m2\repository\net\bytebuddy\byte-buddy-agent\1.17.7\byte-buddy-agent-1.17.7.jar)
WARNING: If a serviceability tool is in use, please run with -XX:+EnableDynamicAgentLoading to hide this warning
WARNING: If a serviceability tool is not in use, please run with -Djdk.instrument.traceUsage for more information
WARNING: Dynamic loading of agents will be disallowed by default in a future release
]]></system-err>
  </testcase>
</testsuite>